<?xml version="1.0" encoding="UTF-8"?>
<!-- Generated by org.testng.reporters.JUnitReportReporter -->
<testsuite hostname="DESKTOP-6AQJ2AG" failures="0" tests="4" name="test.LoginTest" time="4.691" errors="0" timestamp="2023-02-13T22:48:47 IST" skipped="0">
  <testcase classname="test.LoginTest" name="verifyBuildTitleName" time="0.016"/>
  <system-out/>
  <testcase classname="test.LoginTest" name="verifyurlOfLoginPage" time="0.011"/>
  <system-out/>
  <testcase classname="test.LoginTest" name="verifyTitleOfLoginPage" time="1.385"/>
  <system-out/>
  <testcase classname="test.LoginTest" name="verifyLoginPagewithcorrectcredential" time="3.279"/>
  <system-out/>
</testsuite> <!-- test.LoginTest -->
